検出された有効なトークン:  
出現回数  品詞ID  品詞内訳                        文字列
     555       9  記号, 読点                      、
     296      24  助詞, 連体化                    の
     267      16  助詞, 係助詞                    は
     236      18  助詞, 接続助詞                  て
     220      13  助詞, 格助詞, 一般              を
     214      25  助動詞                          た
     203      13  助詞, 格助詞, 一般              に
      97      13  助詞, 格助詞, 一般              が
      94      25  助動詞                          だ
      91      25  助動詞                          で
      76      41  名詞, 固有名詞, 一般            メロス
      75      59  名詞, 代名詞, 一般              私
      74      16  助詞, 係助詞                    も
      66      14  助詞, 格助詞, 引用              と
      59      31  動詞, 自立                      し
      36      25  助動詞                          ぬ
      36      25  助動詞                          な
      35      33  動詞, 非自立                    いる
      29      38  名詞, 一般                      人
      27      18  助詞, 接続助詞                  から
      24      22  助詞, 副助詞／並立助詞／終助詞  か
      23      25  助動詞                          ない
      21      68  連体詞                          その
      20      33  動詞, 非自立                    い
      20      10  形容詞, 自立                    無い
      19      33  動詞, 非自立                    来
      19      33  動詞, 非自立                    なら
      19      33  動詞, 非自立                    くれ
      19      25  助動詞                          ある
      18      38  名詞, 一般                      王
      18      32  動詞, 接尾                      れ
      18      25  助動詞                          う
      16      31  動詞, 自立                      なっ
      15      63  名詞, 非自立, 一般              事
      15      59  名詞, 代名詞, 一般              おまえ
      15      41  名詞, 固有名詞, 一般            セリヌンティウス
      15      38  名詞, 一般                      友
      15      18  助詞, 接続助詞                  ば
      15       2  感動詞                          ああ
      13      59  名詞, 代名詞, 一般              君
      13      25  助動詞                          ます
      12      68  連体詞                          この
      12      67  名詞, 副詞可能                  いま
      12      65  名詞, 非自立, 助動詞語幹        よう
      12      38  名詞, 一般                      妹
      12      21  助詞, 副助詞                    まで
      11      59  名詞, 代名詞, 一般              何
      11      59  名詞, 代名詞, 一般              それ
      11      38  名詞, 一般                      男
      11      38  名詞, 一般                      市
      11      31  動詞, 自立                      出来
      11      31  動詞, 自立                      信じ
      11      25  助動詞                          あっ
      11      10  形容詞, 自立                    いい
      10      63  名詞, 非自立, 一般              もの
      10      59  名詞, 代名詞, 一般              ここ
      10      48  名詞, 数                        三
      10      48  名詞, 数                        一
      10      32  動詞, 接尾                      られ
      10      31  動詞, 自立                      走る
      10      31  動詞, 自立                      走っ
      10      21  助詞, 副助詞                    でも
       9      68  連体詞                          あの
       9      58  名詞, 接尾, 副詞可能            時
       9      51  名詞, 接尾, 一般                たち
       9      38  名詞, 一般                      村
       9      38  名詞, 一般                      日
       9      38  名詞, 一般                      声
       9      34  副詞, 一般                      もう
       9      32  動詞, 接尾                      れる
       9      31  動詞, 自立                      帰っ
       9      26  接続詞                          それから
       9      25  助動詞                          なかっ
       9      25  助動詞                          です
       9      25  助動詞                          たい
       8      38  名詞, 一般                      陽
       8      38  名詞, 一般                      わし
       8      35  副詞, 助詞類接続                すぐ
       8      33  動詞, 非自立                    下さい
       8      31  動詞, 自立                      殺し
       8      31  動詞, 自立                      さ
       8      30  接頭詞, 名詞接続                お
       8      25  助動詞                          たら
       8      18  助詞, 接続助詞                  ながら
       8      17  助詞, 終助詞                    ぞ
       7      63  名詞, 非自立, 一般              こと
       7      52  名詞, 接尾, 形容動詞語幹        気
       7      48  名詞, 数                        二
       7      38  名詞, 一般                      群衆
       7      38  名詞, 一般                      心
       7      35  副詞, 助詞類接続                どう
       7      32  動詞, 接尾                      せ
       7      31  動詞, 自立                      殺さ
       7      31  動詞, 自立                      おくれ
       7      26  接続詞                          そうして
       7      25  助動詞                          なけれ
       7      17  助詞, 終助詞                    よ
       6      66  名詞, 非自立, 副詞可能          為
       6      55  名詞, 接尾, 人名                さま
       6      48  名詞, 数                        十
       6      38  名詞, 一般                      間
       6      38  名詞, 一般                      身代り
       6      38  名詞, 一般                      自分
       6      38  名詞, 一般                      結婚式
       6      38  名詞, 一般                      濁流
       6      38  名詞, 一般                      暴君
       6      38  名詞, 一般                      家
       6      36  名詞, サ変接続                  約束
       6      33  動詞, 非自立                    やる
       6      31  動詞, 自立                      答え
       6      31  動詞, 自立                      待っ
       6      31  動詞, 自立                      出
       6      25  助動詞                          なく
       6      25  助動詞                          だろ
       6      25  助動詞                          ず
       6      25  助動詞                          ござい
       6      21  助詞, 副助詞                    だけ
       6      15  助詞, 格助詞, 連語              という
       6      13  助詞, 格助詞, 一般              へ
       5      67  名詞, 副詞可能                  夜
       5      67  名詞, 副詞可能                  今
       5      66  名詞, 非自立, 副詞可能          まま
       5      63  名詞, 非自立, 一般              者
       5      63  名詞, 非自立, 一般              つもり
       5      51  名詞, 接尾, 一般                目
       5      38  名詞, 一般                      頬
       5      38  名詞, 一般                      羊
       5      38  名詞, 一般                      王城
       5      38  名詞, 一般                      流れ
       5      38  名詞, 一般                      夢
       5      38  名詞, 一般                      兄
       5      38  名詞, 一般                      信実
       5      36  名詞, サ変接続                  出発
       5      35  副詞, 助詞類接続                少し
       5      35  副詞, 助詞類接続                まだ
       5      35  副詞, 助詞類接続                ちょっと
       5      33  動詞, 非自立                    来い
       5      33  動詞, 非自立                    しまっ
       5      31  動詞, 自立                      言う
       5      31  動詞, 自立                      殴れ
       5      31  動詞, 自立                      殴っ
       5      31  動詞, 自立                      死ぬ
       5      31  動詞, 自立                      歩い
       5      31  動詞, 自立                      挙げ
       5      31  動詞, 自立                      わけ
       5      31  動詞, 自立                      なる
       5      31  動詞, 自立                      する
       5      26  接続詞                          けれども
       5      21  助詞, 副助詞                    ばかり
       5      15  助詞, 格助詞, 連語              として
       5      12  形容詞, 非自立                  よい
       4      67  名詞, 副詞可能                  はじめ
       4      67  名詞, 副詞可能                  きょう
       4      66  名詞, 非自立, 副詞可能          頃
       4      66  名詞, 非自立, 副詞可能          うち
       4      63  名詞, 非自立, 一般              方
       4      59  名詞, 代名詞, 一般              彼
       4      59  名詞, 代名詞, 一般              なん
       4      59  名詞, 代名詞, 一般              これ
       4      59  名詞, 代名詞, 一般              あれ
       4      55  名詞, 接尾, 人名                様
       4      38  名詞, 一般                      雨
       4      38  名詞, 一般                      花婿
       4      38  名詞, 一般                      老爺
       4      38  名詞, 一般                      祝宴
       4      38  名詞, 一般                      磔
       4      38  名詞, 一般                      眼
       4      38  名詞, 一般                      王様
       4      38  名詞, 一般                      牧人
       4      38  名詞, 一般                      浪
       4      38  名詞, 一般                      様子
       4      38  名詞, 一般                      峠
       4      38  名詞, 一般                      山賊
       4      38  名詞, 一般                      婿
       4      38  名詞, 一般                      如く
       4      38  名詞, 一般                      命
       4      38  名詞, 一般                      勇者
       4      38  名詞, 一般                      力
       4      38  名詞, 一般                      刑場
       4      38  名詞, 一般                      他
       4      36  名詞, サ変接続                  質問
       4      36  名詞, サ変接続                  仕度
       4      36  名詞, サ変接続                  一ぱい
       4      35  副詞, 助詞類接続                そう
       4      35  副詞, 助詞類接続                これから
       4      34  副詞, 一般                      既に
       4      34  副詞, 一般                      ついに
       4      33  動詞, 非自立                    行く
       4      33  動詞, 非自立                    行き
       4      33  動詞, 非自立                    来る
       4      31  動詞, 自立                      言い
       4      31  動詞, 自立                      覚め
       4      31  動詞, 自立                      笑っ
       4      31  動詞, 自立                      沈ま
       4      31  動詞, 自立                      掻き
       4      31  動詞, 自立                      まえ
       4      31  動詞, 自立                      かけ
       4      26  接続詞                          また
       4      26  接続詞                          ただ
       4      26  接続詞                          いや
       4      25  助動詞                          る
       4      25  助動詞                          まし
       4      21  助詞, 副助詞                    ほど
       4      21  助詞, 副助詞                    だって
       4      10  形容詞, 自立                    高く
       4      10  形容詞, 自立                    佳い
       3      67  名詞, 副詞可能                  あす
       3      66  名詞, 非自立, 副詞可能          ため
       3      59  名詞, 代名詞, 一般              あなた
       3      53  名詞, 接尾, 助数詞              度
       3      48  名詞, 数                        六
       3      43  名詞, 固有名詞, 人名, 姓        此
       3      41  名詞, 固有名詞, 一般            神々
       3      41  名詞, 固有名詞, 一般            おまえら
       3      40  名詞, 形容動詞語幹              静か
       3      40  名詞, 形容動詞語幹              正直
       3      40  名詞, 形容動詞語幹              平和
       3      40  名詞, 形容動詞語幹              大事
       3      38  名詞, 一般                      顔
       3      38  名詞, 一般                      音
       3      38  名詞, 一般                      野
       3      38  名詞, 一般                      身
       3      38  名詞, 一般                      路
       3      38  名詞, 一般                      花嫁
       3      38  名詞, 一般                      腕
       3      38  名詞, 一般                      胸
       3      38  名詞, 一般                      縄
       3      38  名詞, 一般                      精
       3      38  名詞, 一般                      石工
       3      38  名詞, 一般                      水
       3      38  名詞, 一般                      正義
       3      38  名詞, 一般                      村人
       3      38  名詞, 一般                      最後
       3      38  名詞, 一般                      日没
       3      38  名詞, 一般                      手
       3      38  名詞, 一般                      情
       3      38  名詞, 一般                      姿
       3      38  名詞, 一般                      太陽
       3      38  名詞, 一般                      人間
       3      38  名詞, 一般                      人質
       3      38  名詞, 一般                      亭主
       3      38  名詞, 一般                      一つ
       3      38  名詞, 一般                      ディオニス
       3      38  名詞, 一般                      シラクス
       3      38  名詞, 一般                      まち
       3      38  名詞, 一般                      ひとり
       3      38  名詞, 一般                      からだ
       3      38  名詞, 一般                      いのち
       3      37  名詞, ナイ形容詞語幹            問題
       3      36  名詞, サ変接続                  疲労
       3      36  名詞, サ変接続                  希望
       3      36  名詞, サ変接続                  呼吸
       3      36  名詞, サ変接続                  信頼
       3      35  副詞, 助詞類接続                たった
       3      34  副詞, 一般                      決して
       3      34  副詞, 一般                      よろよろ
       3      34  副詞, 一般                      やがて
       3      34  副詞, 一般                      きっと
       3      33  動詞, 非自立                    出し
       3      33  動詞, 非自立                    ゆく
       3      33  動詞, 非自立                    やろ
       3      33  動詞, 非自立                    やり
       3      33  動詞, 非自立                    みる
       3      31  動詞, 自立                      駈け
       3      31  動詞, 自立                      跳ね
       3      31  動詞, 自立                      起き
       3      31  動詞, 自立                      言っ
       3      31  動詞, 自立                      聞え
       3      31  動詞, 自立                      聞い
       3      31  動詞, 自立                      考え
       3      31  動詞, 自立                      置い
       3      31  動詞, 自立                      疲れ
       3      31  動詞, 自立                      疑っ
       3      31  動詞, 自立                      疑う
       3      31  動詞, 自立                      生れ
       3      31  動詞, 自立                      死な
       3      31  動詞, 自立                      暮し
       3      31  動詞, 自立                      持ち
       3      31  動詞, 自立                      急い
       3      31  動詞, 自立                      思っ
       3      31  動詞, 自立                      居り
       3      31  動詞, 自立                      在る
       3      31  動詞, 自立                      わから
       3      31  動詞, 自立                      やめ
       3      31  動詞, 自立                      つい
       3      25  助動詞                          ませ
       3      23  助詞, 並立助詞                  やら
       3      23  助詞, 並立助詞                  だの
       3      16  助詞, 係助詞                    さえ
       3      13  助詞, 格助詞, 一般              より
       3      10  形容詞, 自立                    若い
       3      10  形容詞, 自立                    無かっ
       3      10  形容詞, 自立                    悪い
       3      10  形容詞, 自立                    佳き
       2      68  連体詞                          大きな
       2      68  連体詞                          同じ
       2      68  連体詞                          どんな
       2      67  名詞, 副詞可能                  真昼
       2      67  名詞, 副詞可能                  明日
       2      67  名詞, 副詞可能                  急ぎ
       2      67  名詞, 副詞可能                  前
       2      67  名詞, 副詞可能                  全部
       2      67  名詞, 副詞可能                  先刻
       2      67  名詞, 副詞可能                  今宵
       2      67  名詞, 副詞可能                  一刻
       2      67  名詞, 副詞可能                  こんど
       2      66  名詞, 非自立, 副詞可能          中
       2      66  名詞, 非自立, 副詞可能          ところ
       2      66  名詞, 非自立, 副詞可能          とき
       2      63  名詞, 非自立, 一般              筈
       2      63  名詞, 非自立, 一般              ほう
       2      59  名詞, 代名詞, 一般              皆
       2      53  名詞, 接尾, 助数詞              日間
       2      53  名詞, 接尾, 助数詞              年
       2      51  名詞, 接尾, 一般                楼
       2      44  名詞, 固有名詞, 人名, 名        えい
       2      42  名詞, 固有名詞, 人名, 一般      ゼウス
       2      41  名詞, 固有名詞, 一般            竹馬の友
       2      41  名詞, 固有名詞, 一般            愛と誠
       2      41  名詞, 固有名詞, 一般            おまえに
       2      40  名詞, 形容動詞語幹              必死
       2      40  名詞, 形容動詞語幹              大丈夫
       2      40  名詞, 形容動詞語幹              名誉
       2      40  名詞, 形容動詞語幹              不吉
       2      40  名詞, 形容動詞語幹              むだ
       2      38  名詞, 一般                      願い
       2      38  名詞, 一般                      頭
       2      38  名詞, 一般                      里
       2      38  名詞, 一般                      酒宴
       2      38  名詞, 一般                      足もと
       2      38  名詞, 一般                      豪雨
       2      38  名詞, 一般                      裸体
       2      38  名詞, 一般                      衣裳
       2      38  名詞, 一般                      葉
       2      38  名詞, 一般                      若い衆
       2      38  名詞, 一般                      自身
       2      38  名詞, 一般                      耳
       2      38  名詞, 一般                      罪
       2      38  名詞, 一般                      神
       2      38  名詞, 一般                      眠り
       2      38  名詞, 一般                      真
       2      38  名詞, 一般                      用事
       2      38  名詞, 一般                      溜息
       2      38  名詞, 一般                      泳ぎ
       2      38  名詞, 一般                      気持
       2      38  名詞, 一般                      歌
       2      38  名詞, 一般                      棍棒
       2      38  名詞, 一般                      未練
       2      38  名詞, 一般                      振り
       2      38  名詞, 一般                      愛
       2      38  名詞, 一般                      愚図
       2      38  名詞, 一般                      悪心
       2      38  名詞, 一般                      心臓
       2      38  名詞, 一般                      幾度
       2      38  名詞, 一般                      小降り
       2      38  名詞, 一般                      宴席
       2      38  名詞, 一般                      宝
       2      38  名詞, 一般                      夫婦
       2      38  名詞, 一般                      大声
       2      38  名詞, 一般                      夕陽
       2      38  名詞, 一般                      塔
       2      38  名詞, 一般                      嘘
       2      38  名詞, 一般                      叫び
       2      38  名詞, 一般                      口
       2      38  名詞, 一般                      友達
       2      38  名詞, 一般                      友人
       2      38  名詞, 一般                      光
       2      38  名詞, 一般                      仲間
       2      38  名詞, 一般                      事情
       2      38  名詞, 一般                      両手
       2      38  名詞, 一般                      不信
       2      38  名詞, 一般                      マント
       2      38  名詞, 一般                      フィロストラトス
       2      38  名詞, 一般                      わが身
       2      38  名詞, 一般                      みじん
       2      38  名詞, 一般                      ばん
       2      36  名詞, サ変接続                  覚悟
       2      36  名詞, サ変接続                  突破
       2      36  名詞, サ変接続                  照覧
       2      36  名詞, サ変接続                  激怒
       2      36  名詞, サ変接続                  決意
       2      36  名詞, サ変接続                  抱擁
       2      36  名詞, サ変接続                  命令
       2      36  名詞, サ変接続                  到着
       2      36  名詞, サ変接続                  乱心
       2      35  副詞, 助詞類接続                必ず
       2      35  副詞, 助詞類接続                わずか
       2      35  副詞, 助詞類接続                もはや
       2      35  副詞, 助詞類接続                たちまち
       2      35  副詞, 助詞類接続                そろそろ
       2      35  副詞, 助詞類接続                しばらく
       2      34  副詞, 一般                      最も
       2      34  副詞, 一般                      一気に
       2      34  副詞, 一般                      よく
       2      34  副詞, 一般                      やはり
       2      34  副詞, 一般                      もっと
       2      34  副詞, 一般                      ほっと
       2      34  副詞, 一般                      ぶらぶら
       2      34  副詞, 一般                      ひしと
       2      34  副詞, 一般                      なんだか
       2      34  副詞, 一般                      そんなに
       2      34  副詞, 一般                      そっと
       2      34  副詞, 一般                      うんと
       2      34  副詞, 一般                      いよいよ
       2      33  動詞, 非自立                    行っ
       2      33  動詞, 非自立                    行こ
       2      33  動詞, 非自立                    切っ
       2      33  動詞, 非自立                    っ
       2      33  動詞, 非自立                    くれる
       2      31  動詞, 自立                      首肯き
       2      31  動詞, 自立                      降り
       2      31  動詞, 自立                      間に合わ
       2      31  動詞, 自立                      間に合う
       2      31  動詞, 自立                      釣り上げ
       2      31  動詞, 自立                      走り
       2      31  動詞, 自立                      買い
       2      31  動詞, 自立                      負け
       2      31  動詞, 自立                      訪ね
       2      31  動詞, 自立                      見る
       2      31  動詞, 自立                      見つめ
       2      31  動詞, 自立                      見せ
       2      31  動詞, 自立                      見える
       2      31  動詞, 自立                      見
       2      31  動詞, 自立                      行か
       2      31  動詞, 自立                      落ち
       2      31  動詞, 自立                      荒れ狂う
       2      31  動詞, 自立                      笑わ
       2      31  動詞, 自立                      立て
       2      31  動詞, 自立                      知らせ
       2      31  動詞, 自立                      泣き
       2      31  動詞, 自立                      泣い
       2      31  動詞, 自立                      沈ん
       2      31  動詞, 自立                      沈む
       2      31  動詞, 自立                      殺す
       2      31  動詞, 自立                      死ん
       2      31  動詞, 自立                      望み
       2      31  動詞, 自立                      昇っ
       2      31  動詞, 自立                      教え
       2      31  動詞, 自立                      救う
       2      31  動詞, 自立                      放っ
       2      31  動詞, 自立                      振っ
       2      31  動詞, 自立                      持っ
       2      31  動詞, 自立                      抜け
       2      31  動詞, 自立                      打た
       2      31  動詞, 自立                      感じ
       2      31  動詞, 自立                      忘れ
       2      31  動詞, 自立                      待て
       2      31  動詞, 自立                      引き出さ
       2      31  動詞, 自立                      居る
       2      31  動詞, 自立                      守る
       2      31  動詞, 自立                      報い
       2      31  動詞, 自立                      嗄れ
       2      31  動詞, 自立                      叫ん
       2      31  動詞, 自立                      動け
       2      31  動詞, 自立                      努め
       2      31  動詞, 自立                      助け
       2      31  動詞, 自立                      倒し
       2      31  動詞, 自立                      上っ
       2      31  動詞, 自立                      ゆるし
       2      31  動詞, 自立                      やって来
       2      31  動詞, 自立                      のぼり
       2      31  動詞, 自立                      なり
       2      31  動詞, 自立                      とばし
       2      31  動詞, 自立                      つづけ
       2      31  動詞, 自立                      すれ
       2      31  動詞, 自立                      いっ
       2      31  動詞, 自立                      あからめ
       2      30  接頭詞, 名詞接続                御
       2      30  接頭詞, 名詞接続                全
       2      30  接頭詞, 名詞接続                まっ
       2      28  接頭詞, 数接続                  翌
       2      25  助動詞                          らしい
       2      25  助動詞                          べき
       2      25  助動詞                          だっ
       2      21  助詞, 副助詞                    など
       2      21  助詞, 副助詞                    ずつ
       2      21  助詞, 副助詞                    くらい
       2      17  助詞, 終助詞                    わい
       2      17  助詞, 終助詞                    ぜ
       2      16  助詞, 係助詞                    こそ
       2      10  形容詞, 自立                    無く
       2      10  形容詞, 自立                    暗い
       2      10  形容詞, 自立                    早く
       2      10  形容詞, 自立                    小さく
       2      10  形容詞, 自立                    寂しい
       2      10  形容詞, 自立                    大きく
       2      10  形容詞, 自立                    大きい
       2      10  形容詞, 自立                    ありがたい
       2       4  記号, 一般                      ――
       2       2  感動詞                          ありがとう
       1      68  連体詞                          或
       1      68  連体詞                          ほんの
       1      68  連体詞                          そんな
       1      68  連体詞                          かの
       1      68  連体詞                          あんな
       1      67  名詞, 副詞可能                  間近
       1      67  名詞, 副詞可能                  途中
       1      67  名詞, 副詞可能                  瞬間
       1      67  名詞, 副詞可能                  生涯
       1      67  名詞, 副詞可能                  深夜
       1      67  名詞, 副詞可能                  未明
       1      67  名詞, 副詞可能                  半ば
       1      67  名詞, 副詞可能                  午後
       1      67  名詞, 副詞可能                  午前
       1      67  名詞, 副詞可能                  全体
       1      67  名詞, 副詞可能                  一生
       1      67  名詞, 副詞可能                  一斉
       1      67  名詞, 副詞可能                  一挙
       1      67  名詞, 副詞可能                  一切
       1      67  名詞, 副詞可能                  たくさん
       1      67  名詞, 副詞可能                  すべて
       1      67  名詞, 副詞可能                  このごろ
       1      67  名詞, 副詞可能                  きのう
       1      66  名詞, 非自立, 副詞可能          後
       1      66  名詞, 非自立, 副詞可能          上
       1      66  名詞, 非自立, 副詞可能          とおり
       1      66  名詞, 非自立, 副詞可能          ころ
       1      63  名詞, 非自立, 一般              せい
       1      59  名詞, 代名詞, 一般              貴方
       1      59  名詞, 代名詞, 一般              誰
       1      59  名詞, 代名詞, 一般              やつ
       1      59  名詞, 代名詞, 一般              なに
       1      59  名詞, 代名詞, 一般              こちら
       1      59  名詞, 代名詞, 一般              いつ
       1      59  名詞, 代名詞, 一般              あちこち
       1      58  名詞, 接尾, 副詞可能            ごろ
       1      55  名詞, 接尾, 人名                さん
       1      53  名詞, 接尾, 助数詞              歳
       1      53  名詞, 接尾, 助数詞              拍
       1      53  名詞, 接尾, 助数詞              匹
       1      53  名詞, 接尾, 助数詞              分の
       1      53  名詞, 接尾, 助数詞              倍
       1      51  名詞, 接尾, 一般                隊
       1      51  名詞, 接尾, 一般                群
       1      51  名詞, 接尾, 一般                地
       1      51  名詞, 接尾, 一般                勢
       1      51  名詞, 接尾, 一般                ゆえ
       1      51  名詞, 接尾, 一般                ぶり
       1      48  名詞, 数                        百
       1      48  名詞, 数                        万
       1      46  名詞, 固有名詞, 地域, 一般      木葉
       1      46  名詞, 固有名詞, 地域, 一般      二里
       1      46  名詞, 固有名詞, 地域, 一般      三里
       1      45  名詞, 固有名詞, 組織            清水
       1      45  名詞, 固有名詞, 組織            ちから
       1      44  名詞, 固有名詞, 人名, 名        猛
       1      44  名詞, 固有名詞, 人名, 名        樹々
       1      44  名詞, 固有名詞, 人名, 名        哉
       1      44  名詞, 固有名詞, 人名, 名        吏
       1      44  名詞, 固有名詞, 人名, 名        りの
       1      43  名詞, 固有名詞, 人名, 姓        渡守
       1      43  名詞, 固有名詞, 人名, 姓        小川
       1      43  名詞, 固有名詞, 人名, 姓        勇
       1      43  名詞, 固有名詞, 人名, 姓        互
       1      43  名詞, 固有名詞, 人名, 姓        三歩
       1      43  名詞, 固有名詞, 人名, 姓        三度
       1      42  名詞, 固有名詞, 人名, 一般      太宰治
       1      41  名詞, 固有名詞, 一般            風のように
       1      41  名詞, 固有名詞, 一般            風と共に
       1      41  名詞, 固有名詞, 一般            韋駄天
       1      41  名詞, 固有名詞, 一般            走れメロス
       1      41  名詞, 固有名詞, 一般            警吏
       1      41  名詞, 固有名詞, 一般            誰だ
       1      41  名詞, 固有名詞, 一般            私たち
       1      41  名詞, 固有名詞, 一般            磔台
       1      41  名詞, 固有名詞, 一般            疲労困憊
       1      41  名詞, 固有名詞, 一般            王の顔
       1      41  名詞, 固有名詞, 一般            滾々と
       1      41  名詞, 固有名詞, 一般            満天の星
       1      41  名詞, 固有名詞, 一般            永遠に
       1      41  名詞, 固有名詞, 一般            新郎新婦
       1      41  名詞, 固有名詞, 一般            悪魔の囁き
       1      41  名詞, 固有名詞, 一般            悪徳者
       1      41  名詞, 固有名詞, 一般            娘
       1      41  名詞, 固有名詞, 一般            奸佞邪智
       1      41  名詞, 固有名詞, 一般            友よ
       1      41  名詞, 固有名詞, 一般            二人暮し
       1      41  名詞, 固有名詞, 一般            ぶるん
       1      41  名詞, 固有名詞, 一般            ひとりよがり
       1      41  名詞, 固有名詞, 一般            はるか
       1      41  名詞, 固有名詞, 一般            あの男
       1      40  名詞, 形容動詞語幹              駄目
       1      40  名詞, 形容動詞語幹              頑強
       1      40  名詞, 形容動詞語幹              陽気
       1      40  名詞, 形容動詞語幹              邪悪
       1      40  名詞, 形容動詞語幹              身近
       1      40  名詞, 形容動詞語幹              賑やか
       1      40  名詞, 形容動詞語幹              見事
       1      40  名詞, 形容動詞語幹              蒼白
       1      40  名詞, 形容動詞語幹              華やか
       1      40  名詞, 形容動詞語幹              綺麗
       1      40  名詞, 形容動詞語幹              空虚
       1      40  名詞, 形容動詞語幹              生意気
       1      40  名詞, 形容動詞語幹              無理
       1      40  名詞, 形容動詞語幹              無心
       1      40  名詞, 形容動詞語幹              清らか
       1      40  名詞, 形容動詞語幹              流石
       1      40  名詞, 形容動詞語幹              派手
       1      40  名詞, 形容動詞語幹              気の毒
       1      40  名詞, 形容動詞語幹              残虐
       1      40  名詞, 形容動詞語幹              正当
       1      40  名詞, 形容動詞語幹              更
       1      40  名詞, 形容動詞語幹              敏感
       1      40  名詞, 形容動詞語幹              必要
       1      40  名詞, 形容動詞語幹              幽か
       1      40  名詞, 形容動詞語幹              孤独
       1      40  名詞, 形容動詞語幹              好き
       1      40  名詞, 形容動詞語幹              大切
       1      40  名詞, 形容動詞語幹              哀れ
       1      40  名詞, 形容動詞語幹              呑気
       1      40  名詞, 形容動詞語幹              単純
       1      40  名詞, 形容動詞語幹              卑劣
       1      40  名詞, 形容動詞語幹              十分
       1      40  名詞, 形容動詞語幹              勝手
       1      40  名詞, 形容動詞語幹              切
       1      40  名詞, 形容動詞語幹              内気
       1      40  名詞, 形容動詞語幹              偉大
       1      40  名詞, 形容動詞語幹              人一倍
       1      40  名詞, 形容動詞語幹              不幸
       1      40  名詞, 形容動詞語幹              不安
       1      40  名詞, 形容動詞語幹              不名誉
       1      40  名詞, 形容動詞語幹              まとも
       1      40  名詞, 形容動詞語幹              ばか
       1      40  名詞, 形容動詞語幹              のんき
       1      40  名詞, 形容動詞語幹              きらい
       1      40  名詞, 形容動詞語幹              あっぱれ
       1      38  名詞, 一般                      黒雲
       1      38  名詞, 一般                      騒ぎ
       1      38  名詞, 一般                      馬
       1      38  名詞, 一般                      首
       1      38  名詞, 一般                      飛鳥
       1      38  名詞, 一般                      颯
       1      38  名詞, 一般                      風
       1      38  名詞, 一般                      額
       1      38  名詞, 一般                      響き
       1      38  名詞, 一般                      面前
       1      38  名詞, 一般                      雲
       1      38  名詞, 一般                      雨中
       1      38  名詞, 一般                      隣村
       1      38  名詞, 一般                      隙
       1      38  名詞, 一般                      隅
       1      38  名詞, 一般                      野原
       1      38  名詞, 一般                      里程
       1      38  名詞, 一般                      都
       1      38  名詞, 一般                      邪智
       1      38  名詞, 一般                      運命
       1      38  名詞, 一般                      車軸
       1      38  名詞, 一般                      身体
       1      38  名詞, 一般                      路傍
       1      38  名詞, 一般                      足
       1      38  名詞, 一般                      賤
       1      38  名詞, 一般                      賢
       1      38  名詞, 一般                      資格
       1      38  名詞, 一般                      語勢
       1      38  名詞, 一般                      誇り
       1      38  名詞, 一般                      視線
       1      38  名詞, 一般                      西
       1      38  名詞, 一般                      裏切り者
       1      38  名詞, 一般                      裏
       1      38  名詞, 一般                      裂目
       1      38  名詞, 一般                      血液
       1      38  名詞, 一般                      血
       1      38  名詞, 一般                      薄明
       1      38  名詞, 一般                      葡萄
       1      38  名詞, 一般                      草原
       1      38  名詞, 一般                      茫然
       1      38  名詞, 一般                      芋虫
       1      38  名詞, 一般                      舟
       1      38  名詞, 一般                      臣下
       1      38  名詞, 一般                      臣
       1      38  名詞, 一般                      膝
       1      38  名詞, 一般                      腹
       1      38  名詞, 一般                      胴震い
       1      38  名詞, 一般                      背後
       1      38  名詞, 一般                      肩
       1      38  名詞, 一般                      肉体
       1      38  名詞, 一般                      義務
       1      38  名詞, 一般                      繋
       1      38  名詞, 一般                      緋
       1      38  名詞, 一般                      綿
       1      38  名詞, 一般                      精神
       1      38  名詞, 一般                      笛
       1      38  名詞, 一般                      空
       1      38  名詞, 一般                      稀代
       1      38  名詞, 一般                      秘密
       1      38  名詞, 一般                      私慾
       1      38  名詞, 一般                      祭壇
       1      38  名詞, 一般                      磔刑
       1      38  名詞, 一般                      短剣
       1      38  名詞, 一般                      短刀
       1      38  名詞, 一般                      矢
       1      38  名詞, 一般                      瞬時
       1      38  名詞, 一般                      眺め
       1      38  名詞, 一般                      眩暈
       1      38  名詞, 一般                      真紅
       1      38  名詞, 一般                      眉間
       1      38  名詞, 一般                      相手
       1      38  名詞, 一般                      皺
       1      38  名詞, 一般                      皇后
       1      38  名詞, 一般                      疾風
       1      38  名詞, 一般                      疑惑
       1      38  名詞, 一般                      疑い
       1      38  名詞, 一般                      番
       1      38  名詞, 一般                      男泣き
       1      38  名詞, 一般                      獅子奮迅
       1      38  名詞, 一般                      猛然
       1      38  名詞, 一般                      犬
       1      38  名詞, 一般                      父
       1      38  名詞, 一般                      煽り
       1      38  名詞, 一般                      無言
       1      38  名詞, 一般                      無二
       1      38  名詞, 一般                      災難
       1      38  名詞, 一般                      激流
       1      38  名詞, 一般                      潺
       1      38  名詞, 一般                      滔々
       1      38  名詞, 一般                      満面
       1      38  名詞, 一般                      満身
       1      38  名詞, 一般                      渦巻き
       1      38  名詞, 一般                      涙
       1      38  名詞, 一般                      海
       1      38  名詞, 一般                      泉
       1      38  名詞, 一般                      汗
       1      38  名詞, 一般                      永遠
       1      38  名詞, 一般                      水源
       1      38  名詞, 一般                      気味
       1      38  名詞, 一般                      気がかり
       1      38  名詞, 一般                      民
       1      38  名詞, 一般                      母
       1      38  名詞, 一般                      残
       1      38  名詞, 一般                      死力
       1      38  名詞, 一般                      死刑
       1      38  名詞, 一般                      歓声
       1      38  名詞, 一般                      橋桁
       1      38  名詞, 一般                      橋
       1      38  名詞, 一般                      樹木
       1      38  名詞, 一般                      楽しみ
       1      38  名詞, 一般                      森
       1      38  名詞, 一般                      根性
       1      38  名詞, 一般                      根
       1      38  名詞, 一般                      柱
       1      38  名詞, 一般                      枝
       1      38  名詞, 一般                      暴虐
       1      38  名詞, 一般                      日限
       1      38  名詞, 一般                      日暮
       1      38  名詞, 一般                      旅人
       1      38  名詞, 一般                      斜陽
       1      38  名詞, 一般                      故郷
       1      38  名詞, 一般                      政治
       1      38  名詞, 一般                      揉み手
       1      38  名詞, 一般                      折
       1      38  名詞, 一般                      憐愍
       1      38  名詞, 一般                      態
       1      38  名詞, 一般                      悪徳
       1      38  名詞, 一般                      悧巧
       1      38  名詞, 一般                      恥
       1      38  名詞, 一般                      怺
       1      38  名詞, 一般                      思い
       1      38  名詞, 一般                      忠誠
       1      38  名詞, 一般                      心構え
       1      38  名詞, 一般                      微塵
       1      38  名詞, 一般                      御子
       1      38  名詞, 一般                      徒
       1      38  名詞, 一般                      律
       1      38  名詞, 一般                      影
       1      38  名詞, 一般                      弟子
       1      38  名詞, 一般                      弟
       1      38  名詞, 一般                      床
       1      38  名詞, 一般                      幹
       1      38  名詞, 一般                      平気
       1      38  名詞, 一般                      帰り
       1      38  名詞, 一般                      席
       1      38  名詞, 一般                      巣
       1      38  名詞, 一般                      川岸
       1      38  名詞, 一般                      川
       1      38  名詞, 一般                      岩
       1      38  名詞, 一般                      山越え
       1      38  名詞, 一般                      山
       1      38  名詞, 一般                      少女
       1      38  名詞, 一般                      小鳥
       1      38  名詞, 一般                      小耳
       1      38  名詞, 一般                      小歌
       1      38  名詞, 一般                      小屋
       1      38  名詞, 一般                      対岸
       1      38  名詞, 一般                      定法
       1      38  名詞, 一般                      定
       1      38  名詞, 一般                      季節
       1      38  名詞, 一般                      子
       1      38  名詞, 一般                      威厳
       1      38  名詞, 一般                      奴輩
       1      38  名詞, 一般                      女房
       1      38  名詞, 一般                      奥底
       1      38  名詞, 一般                      天
       1      38  名詞, 一般                      大雨
       1      38  名詞, 一般                      大路
       1      38  名詞, 一般                      大蛇
       1      38  名詞, 一般                      夢見心地
       1      38  名詞, 一般                      夜明け
       1      38  名詞, 一般                      外
       1      38  名詞, 一般                      壺
       1      38  名詞, 一般                      士
       1      38  名詞, 一般                      地平線
       1      38  名詞, 一般                      地団駄
       1      38  名詞, 一般                      地位
       1      38  名詞, 一般                      地上
       1      38  名詞, 一般                      国王
       1      38  名詞, 一般                      囲み
       1      38  名詞, 一般                      四肢
       1      38  名詞, 一般                      嘘つき
       1      38  名詞, 一般                      喜色
       1      38  名詞, 一般                      喉
       1      38  名詞, 一般                      唸り
       1      38  名詞, 一般                      品々
       1      38  名詞, 一般                      命乞い
       1      38  名詞, 一般                      呆然
       1      38  名詞, 一般                      向う
       1      38  名詞, 一般                      右
       1      38  名詞, 一般                      台
       1      38  名詞, 一般                      口々
       1      38  名詞, 一般                      十字架
       1      38  名詞, 一般                      前方
       1      38  名詞, 一般                      刻限
       1      38  名詞, 一般                      初夏
       1      38  名詞, 一般                      刑
       1      38  名詞, 一般                      全身
       1      38  名詞, 一般                      先
       1      38  名詞, 一般                      信念
       1      38  名詞, 一般                      似合い
       1      38  名詞, 一般                      代り
       1      38  名詞, 一般                      人種
       1      38  名詞, 一般                      人々
       1      38  名詞, 一般                      五臓
       1      38  名詞, 一般                      中途
       1      38  名詞, 一般                      両足
       1      38  名詞, 一般                      世界
       1      38  名詞, 一般                      世嗣
       1      38  名詞, 一般                      世の中
       1      38  名詞, 一般                      下流
       1      38  名詞, 一般                      万歳
       1      38  名詞, 一般                      一眠り
       1      38  名詞, 一般                      一片
       1      38  名詞, 一般                      一家
       1      38  名詞, 一般                      一団
       1      38  名詞, 一般                      一事
       1      38  名詞, 一般                      アレキス
       1      38  名詞, 一般                      めいめい
       1      38  名詞, 一般                      ふるさと
       1      38  名詞, 一般                      ぱだかじゃないか
       1      38  名詞, 一般                      ただ中
       1      38  名詞, 一般                      ざんぶと
       1      38  名詞, 一般                      ご免
       1      38  名詞, 一般                      これしき
       1      38  名詞, 一般                      こぶし
       1      38  名詞, 一般                      この世
       1      38  名詞, 一般                      くり
       1      38  名詞, 一般                      くやし泣き
       1      38  名詞, 一般                      からっぽ
       1      38  名詞, 一般                      お互い
       1      38  名詞, 一般                      うらみ
       1      38  名詞, 一般                      いちど
       1      38  名詞, 一般                      あて
       1      38  名詞, 一般                      あたり
       1      37  名詞, ナイ形容詞語幹            限り
       1      37  名詞, ナイ形容詞語幹            仕方
       1      37  名詞, ナイ形容詞語幹            とんでも
       1      37  名詞, ナイ形容詞語幹            ちがい
       1      37  名詞, ナイ形容詞語幹            だらし
       1      36  名詞, サ変接続                  闘争
       1      36  名詞, サ変接続                  開始
       1      36  名詞, サ変接続                  遂行
       1      36  名詞, サ変接続                  赤面
       1      36  名詞, サ変接続                  買い物
       1      36  名詞, サ変接続                  議論
       1      36  名詞, サ変接続                  落着
       1      36  名詞, サ変接続                  耳打ち
       1      36  名詞, サ変接続                  突入
       1      36  名詞, サ変接続                  破壊
       1      36  名詞, サ変接続                  目撃
       1      36  名詞, サ変接続                  発揮
       1      36  名詞, サ変接続                  灼熱
       1      36  名詞, サ変接続                  氾濫
       1      36  名詞, サ変接続                  歔欷
       1      36  名詞, サ変接続                  歓喜
       1      36  名詞, サ変接続                  期待
       1      36  名詞, サ変接続                  是非
       1      36  名詞, サ変接続                  放免
       1      36  名詞, サ変接続                  捕縛
       1      36  名詞, サ変接続                  承諾
       1      36  名詞, サ変接続                  懐中
       1      36  名詞, サ変接続                  憫笑
       1      36  名詞, サ変接続                  息
       1      36  名詞, サ変接続                  恢復
       1      36  名詞, サ変接続                  御馳走
       1      36  名詞, サ変接続                  巡邏
       1      36  名詞, サ変接続                  宣誓
       1      36  名詞, サ変接続                  嬉し泣き
       1      36  名詞, サ変接続                  妄想
       1      36  名詞, サ変接続                  嘲笑
       1      36  名詞, サ変接続                  哀願
       1      36  名詞, サ変接続                  反駁
       1      36  名詞, サ変接続                  努力
       1      36  名詞, サ変接続                  前進
       1      36  名詞, サ変接続                  刻
       1      36  名詞, サ変接続                  到達
       1      36  名詞, サ変接続                  列席
       1      36  名詞, サ変接続                  処刑
       1      36  名詞, サ変接続                  会釈
       1      36  名詞, サ変接続                  会話
       1      36  名詞, サ変接続                  伏
       1      36  名詞, サ変接続                  仰天
       1      36  名詞, サ変接続                  仕事
       1      36  名詞, サ変接続                  一緒
       1      36  名詞, サ変接続                  一睡
       1      36  名詞, サ変接続                  一撃
       1      36  名詞, サ変接続                  ひとり合点
       1      36  名詞, サ変接続                  お詫び
       1      35  副詞, 助詞類接続                間もなく
       1      35  副詞, 助詞類接続                突然
       1      35  副詞, 助詞類接続                悠々
       1      35  副詞, 助詞類接続                刻々
       1      35  副詞, 助詞類接続                再び
       1      35  副詞, 助詞類接続                全く
       1      35  副詞, 助詞類接続                ゆっくり
       1      35  副詞, 助詞類接続                もともと
       1      35  副詞, 助詞類接続                まっすぐ
       1      35  副詞, 助詞類接続                まだまだ
       1      35  副詞, 助詞類接続                ますます
       1      35  副詞, 助詞類接続                ひっそり
       1      35  副詞, 助詞類接続                なぜ
       1      35  副詞, 助詞類接続                なかなか
       1      35  副詞, 助詞類接続                どうどう
       1      35  副詞, 助詞類接続                だんだん
       1      35  副詞, 助詞類接続                それだけ
       1      35  副詞, 助詞類接続                さんざん
       1      35  副詞, 助詞類接続                こんなに
       1      35  副詞, 助詞類接続                こう
       1      35  副詞, 助詞類接続                うとうと
       1      35  副詞, 助詞類接続                いっそ
       1      34  副詞, 一般                      高々
       1      34  副詞, 一般                      近々
       1      34  副詞, 一般                      若し
       1      34  副詞, 一般                      本当に
       1      34  副詞, 一般                      未だ
       1      34  副詞, 一般                      徐々に
       1      34  副詞, 一般                      少しく
       1      34  副詞, 一般                      同時に
       1      34  副詞, 一般                      共に
       1      34  副詞, 一般                      先ず
       1      34  副詞, 一般                      何一つ
       1      34  副詞, 一般                      何もかも
       1      34  副詞, 一般                      よくも
       1      34  副詞, 一般                      ゆらゆら
       1      34  副詞, 一般                      やっと
       1      34  副詞, 一般                      やけに
       1      34  副詞, 一般                      めっぽう
       1      34  副詞, 一般                      むんむん
       1      34  副詞, 一般                      まじまじ
       1      34  副詞, 一般                      まさに
       1      34  副詞, 一般                      まさしく
       1      34  副詞, 一般                      まさか
       1      34  副詞, 一般                      ぽつりぽつり
       1      34  副詞, 一般                      ほとんど
       1      34  副詞, 一般                      ふと
       1      34  副詞, 一般                      ひょっとしたら
       1      34  副詞, 一般                      ひょいと
       1      34  副詞, 一般                      はるばる
       1      34  副詞, 一般                      はたと
       1      34  副詞, 一般                      はじめて
       1      34  副詞, 一般                      のそのそ
       1      34  副詞, 一般                      どっと
       1      34  副詞, 一般                      どうにか
       1      34  副詞, 一般                      どうせ
       1      34  副詞, 一般                      どうか
       1      34  副詞, 一般                      ちら
       1      34  副詞, 一般                      ちょうど
       1      34  副詞, 一般                      ちゃんと
       1      34  副詞, 一般                      たぶん
       1      34  副詞, 一般                      ずんずん
       1      34  副詞, 一般                      するりと
       1      34  副詞, 一般                      すでに
       1      34  副詞, 一般                      さては
       1      34  副詞, 一般                      さっと
       1      34  副詞, 一般                      さっさと
       1      34  副詞, 一般                      ごろりと
       1      34  副詞, 一般                      きらきら
       1      34  副詞, 一般                      かっと
       1      34  副詞, 一般                      おいおい
       1      34  副詞, 一般                      いくぶん
       1      33  動詞, 非自立                    行け
       1      33  動詞, 非自立                    切り
       1      33  動詞, 非自立                    やっ
       1      33  動詞, 非自立                    みれ
       1      33  動詞, 非自立                    み
       1      33  動詞, 非自立                    しまわ
       1      33  動詞, 非自立                    しまえ
       1      33  動詞, 非自立                    いろ
       1      33  動詞, 非自立                    いよ
       1      33  動詞, 非自立                    いけ
       1      32  動詞, 接尾                      られる
       1      32  動詞, 接尾                      させ
       1      31  動詞, 自立                      齧り
       1      31  動詞, 自立                      鳴り響く
       1      31  動詞, 自立                      驚き
       1      31  動詞, 自立                      驚い
       1      31  動詞, 自立                      騙さ
       1      31  動詞, 自立                      首肯い
       1      31  動詞, 自立                      飾り
       1      31  動詞, 自立                      飲ん
       1      31  動詞, 自立                      飛び込み
       1      31  動詞, 自立                      飛び越え
       1      31  動詞, 自立                      飛ばし
       1      31  動詞, 自立                      願っ
       1      31  動詞, 自立                      頼ん
       1      31  動詞, 自立                      鞭打ち
       1      31  動詞, 自立                      集り
       1      31  動詞, 自立                      集め
       1      31  動詞, 自立                      除か
       1      31  動詞, 自立                      降り出し
       1      31  動詞, 自立                      降っ
       1      31  動詞, 自立                      間に合っ
       1      31  動詞, 自立                      鎮め
       1      31  動詞, 自立                      重ね
       1      31  動詞, 自立                      酔っ
       1      31  動詞, 自立                      過ぎ
       1      31  動詞, 自立                      遊ん
       1      31  動詞, 自立                      逢わ
       1      31  動詞, 自立                      逢っ
       1      31  動詞, 自立                      逢う
       1      31  動詞, 自立                      逢い
       1      31  動詞, 自立                      逃げ
       1      31  動詞, 自立                      逃がし
       1      31  動詞, 自立                      追い出す
       1      31  動詞, 自立                      近寄り
       1      31  動詞, 自立                      近づき
       1      31  動詞, 自立                      迎える
       1      31  動詞, 自立                      輝い
       1      31  動詞, 自立                      躍り出
       1      31  動詞, 自立                      躍り
       1      31  動詞, 自立                      蹴
       1      31  動詞, 自立                      踏ん
       1      31  動詞, 自立                      越え
       1      31  動詞, 自立                      起っ
       1      31  動詞, 自立                      走れる
       1      31  動詞, 自立                      走れ
       1      31  動詞, 自立                      走り出
       1      31  動詞, 自立                      走ら
       1      31  動詞, 自立                      買っ
       1      31  動詞, 自立                      調べ
       1      31  動詞, 自立                      調え
       1      31  動詞, 自立                      説き伏せ
       1      31  動詞, 自立                      語っ
       1      31  動詞, 自立                      誇る
       1      31  動詞, 自立                      誇っ
       1      31  動詞, 自立                      詫び
       1      31  動詞, 自立                      許し
       1      31  動詞, 自立                      訪れ
       1      31  動詞, 自立                      言わ
       1      31  動詞, 自立                      言える
       1      31  動詞, 自立                      言え
       1      31  動詞, 自立                      言い張っ
       1      31  動詞, 自立                      見よ
       1      31  動詞, 自立                      見つけ
       1      31  動詞, 自立                      見せる
       1      31  動詞, 自立                      見せつけ
       1      31  動詞, 自立                      見え透い
       1      31  動詞, 自立                      見え
       1      31  動詞, 自立                      覆い
       1      31  動詞, 自立                      襲いかかり
       1      31  動詞, 自立                      行わ
       1      31  動詞, 自立                      行き着け
       1      31  動詞, 自立                      行き着く
       1      31  動詞, 自立                      落し
       1      31  動詞, 自立                      萎え
       1      31  動詞, 自立                      自惚れ
       1      31  動詞, 自立                      背負っ
       1      31  動詞, 自立                      聞き入れ
       1      31  動詞, 自立                      聞か
       1      31  動詞, 自立                      置け
       1      31  動詞, 自立                      給え
       1      31  動詞, 自立                      給う
       1      31  動詞, 自立                      絞め殺し
       1      31  動詞, 自立                      笑お
       1      31  動詞, 自立                      笑い
       1      31  動詞, 自立                      立っ
       1      31  動詞, 自立                      立ち去り
       1      31  動詞, 自立                      立ち上る
       1      31  動詞, 自立                      立ちどまり
       1      31  動詞, 自立                      立ちすくん
       1      31  動詞, 自立                      破る
       1      31  動詞, 自立                      知れ
       1      31  動詞, 自立                      知っ
       1      31  動詞, 自立                      着る
       1      31  動詞, 自立                      着い
       1      31  動詞, 自立                      眠っ
       1      31  動詞, 自立                      疑わ
       1      31  動詞, 自立                      申し
       1      31  動詞, 自立                      生きる
       1      31  動詞, 自立                      生き
       1      31  動詞, 自立                      生かし
       1      31  動詞, 自立                      狂っ
       1      31  動詞, 自立                      狂う
       1      31  動詞, 自立                      燃える
       1      31  動詞, 自立                      照っ
       1      31  動詞, 自立                      湧き出
       1      31  動詞, 自立                      湧い
       1      31  動詞, 自立                      湛え
       1      31  動詞, 自立                      済ん
       1      31  動詞, 自立                      消えよ
       1      31  動詞, 自立                      消え
       1      31  動詞, 自立                      浴びせ
       1      31  動詞, 自立                      浮べ
       1      31  動詞, 自立                      浚わ
       1      31  動詞, 自立                      流れる
       1      31  動詞, 自立                      流す
       1      31  動詞, 自立                      泳い
       1      31  動詞, 自立                      没し
       1      31  動詞, 自立                      気がつか
       1      31  動詞, 自立                      殴り
       1      31  動詞, 自立                      残る
       1      31  動詞, 自立                      残ら
       1      31  動詞, 自立                      残し
       1      31  動詞, 自立                      歩こ
       1      31  動詞, 自立                      歩ける
       1      31  動詞, 自立                      歩き
       1      31  動詞, 自立                      止み
       1      31  動詞, 自立                      歌い
       1      31  動詞, 自立                      欺く
       1      31  動詞, 自立                      欺か
       1      31  動詞, 自立                      欺い
       1      31  動詞, 自立                      横切り
       1      31  動詞, 自立                      来れ
       1      31  動詞, 自立                      望ん
       1      31  動詞, 自立                      昇り
       1      31  動詞, 自立                      放せ
       1      31  動詞, 自立                      放し
       1      31  動詞, 自立                      放さ
       1      31  動詞, 自立                      撃ち
       1      31  動詞, 自立                      掬っ
       1      31  動詞, 自立                      掛け
       1      31  動詞, 自立                      捲き
       1      31  動詞, 自立                      捧げ
       1      31  動詞, 自立                      挙げる
       1      31  動詞, 自立                      持た
       1      31  動詞, 自立                      拒め
       1      31  動詞, 自立                      押し流さ
       1      31  動詞, 自立                      押し寄せ
       1      31  動詞, 自立                      押しのけ
       1      31  動詞, 自立                      押し
       1      31  動詞, 自立                      抱き合い
       1      31  動詞, 自立                      抱きしめ
       1      31  動詞, 自立                      抱い
       1      31  動詞, 自立                      折り曲げ
       1      31  動詞, 自立                      折っ
       1      31  動詞, 自立                      投じ
       1      31  動詞, 自立                      投げ出し
       1      31  動詞, 自立                      払い
       1      31  動詞, 自立                      打ち破る
       1      31  動詞, 自立                      打ち
       1      31  動詞, 自立                      截ち
       1      31  動詞, 自立                      憎ん
       1      31  動詞, 自立                      愛する
       1      31  動詞, 自立                      悪びれ
       1      31  動詞, 自立                      恥ず
       1      31  動詞, 自立                      急げ
       1      31  動詞, 自立                      急ぐ
       1      31  動詞, 自立                      思え
       1      31  動詞, 自立                      思う
       1      31  動詞, 自立                      微笑み
       1      31  動詞, 自立                      待つ
       1      31  動詞, 自立                      待ち伏せ
       1      31  動詞, 自立                      当り
       1      31  動詞, 自立                      張り裂ける
       1      31  動詞, 自立                      引きたて
       1      31  動詞, 自立                      引きずる
       1      31  動詞, 自立                      差し出す
       1      31  動詞, 自立                      居ら
       1      31  動詞, 自立                      居
       1      31  動詞, 自立                      尽し
       1      31  動詞, 自立                      尽き
       1      31  動詞, 自立                      尋ね
       1      31  動詞, 自立                      察し
       1      31  動詞, 自立                      寝過し
       1      31  動詞, 自立                      寝
       1      31  動詞, 自立                      宿し
       1      31  動詞, 自立                      守れ
       1      31  動詞, 自立                      守り
       1      31  動詞, 自立                      存する
       1      31  動詞, 自立                      奪い取っ
       1      31  動詞, 自立                      垂れ
       1      31  動詞, 自立                      囁き
       1      31  動詞, 自立                      噴き
       1      31  動詞, 自立                      喰っ
       1      31  動詞, 自立                      問いつめ
       1      31  動詞, 自立                      命じ
       1      31  動詞, 自立                      呼ぶ
       1      31  動詞, 自立                      呼び
       1      31  動詞, 自立                      呟き
       1      31  動詞, 自立                      呑ん
       1      31  動詞, 自立                      呑み
       1      31  動詞, 自立                      呆れ
       1      31  動詞, 自立                      吹き
       1      31  動詞, 自立                      吸い込ま
       1      31  動詞, 自立                      叶っ
       1      31  動詞, 自立                      叱り
       1      31  動詞, 自立                      叱っ
       1      31  動詞, 自立                      召さ
       1      31  動詞, 自立                      受け
       1      31  動詞, 自立                      取り返し
       1      31  動詞, 自立                      取り直し
       1      31  動詞, 自立                      及ぶ
       1      31  動詞, 自立                      北叟笑ん
       1      31  動詞, 自立                      勝っ
       1      31  動詞, 自立                      動い
       1      31  動詞, 自立                      割っ
       1      31  動詞, 自立                      刻み込ま
       1      31  動詞, 自立                      切る
       1      31  動詞, 自立                      出来る
       1      31  動詞, 自立                      出かける
       1      31  動詞, 自立                      処し
       1      31  動詞, 自立                      入れ
       1      31  動詞, 自立                      入っ
       1      31  動詞, 自立                      光っ
       1      31  動詞, 自立                      傾き
       1      31  動詞, 自立                      倒れる
       1      31  動詞, 自立                      倒れ
       1      31  動詞, 自立                      信ずる
       1      31  動詞, 自立                      作っ
       1      31  動詞, 自立                      伸び
       1      31  動詞, 自立                      仰い
       1      31  動詞, 自立                      乱れ
       1      31  動詞, 自立                      与え
       1      31  動詞, 自立                      不貞腐れ
       1      31  動詞, 自立                      下っ
       1      31  動詞, 自立                      上り
       1      31  動詞, 自立                      わめい
       1      31  動詞, 自立                      わかっ
       1      31  動詞, 自立                      よろめい
       1      31  動詞, 自立                      ゆるせ
       1      31  動詞, 自立                      ゆすぶっ
       1      31  動詞, 自立                      やん
       1      31  動詞, 自立                      もたげ
       1      31  動詞, 自立                      もぐり込ん
       1      31  動詞, 自立                      めくら
       1      31  動詞, 自立                      むかっ
       1      31  動詞, 自立                      まわし
       1      31  動詞, 自立                      まどろん
       1      31  動詞, 自立                      まごつい
       1      31  動詞, 自立                      ほどか
       1      31  動詞, 自立                      ふくれ
       1      31  動詞, 自立                      ふい
       1      31  動詞, 自立                      ひるむ
       1      31  動詞, 自立                      ひきずら
       1      31  動詞, 自立                      はばかる
       1      31  動詞, 自立                      はさん
       1      31  動詞, 自立                      なれ
       1      31  動詞, 自立                      なだめ
       1      31  動詞, 自立                      なくなっ
       1      31  動詞, 自立                      どよめい
       1      31  動詞, 自立                      とまっ
       1      31  動詞, 自立                      とどまっ
       1      31  動詞, 自立                      できる
       1      31  動詞, 自立                      でき
       1      31  動詞, 自立                      てれ
       1      31  動詞, 自立                      つぶれ
       1      31  動詞, 自立                      つけ
       1      31  動詞, 自立                      つく
       1      31  動詞, 自立                      つかまえ
       1      31  動詞, 自立                      だまれ
       1      31  動詞, 自立                      ためらい
       1      31  動詞, 自立                      たのん
       1      31  動詞, 自立                      たのむ
       1      31  動詞, 自立                      たて
       1      31  動詞, 自立                      たたい
       1      31  動詞, 自立                      せせら笑う
       1      31  動詞, 自立                      すれちがっ
       1      31  動詞, 自立                      すまし
       1      31  動詞, 自立                      すがりつく
       1      31  動詞, 自立                      すかし
       1      31  動詞, 自立                      しよ
       1      31  動詞, 自立                      ころがっ
       1      31  動詞, 自立                      こめ
       1      31  動詞, 自立                      こうむっ
       1      31  動詞, 自立                      くち
       1      31  動詞, 自立                      くぐり抜け
       1      31  動詞, 自立                      きまっ
       1      31  動詞, 自立                      きかせ
       1      31  動詞, 自立                      からかっ
       1      31  動詞, 自立                      かなわ
       1      31  動詞, 自立                      かたまり
       1      31  動詞, 自立                      かすれ
       1      31  動詞, 自立                      かがめ
       1      31  動詞, 自立                      かかっ
       1      31  動詞, 自立                      おどろい
       1      31  動詞, 自立                      おっしゃる
       1      31  動詞, 自立                      うめく
       1      31  動詞, 自立                      うたっ
       1      31  動詞, 自立                      うたい
       1      31  動詞, 自立                      うずくまり
       1      31  動詞, 自立                      いきり立っ
       1      31  動詞, 自立                      いえ
       1      31  動詞, 自立                      あるい
       1      31  動詞, 自立                      あげる
       1      31  動詞, 自立                      あげよ
       1      30  接頭詞, 名詞接続                低
       1      30  接頭詞, 名詞接続                両
       1      30  接頭詞, 名詞接続                不
       1      30  接頭詞, 名詞接続                ご
       1      29  接頭詞, 動詞接続                相
       1      28  接頭詞, 数接続                  下
       1      26  接続詞                          それでも
       1      26  接続詞                          それでは
       1      26  接続詞                          それで
       1      26  接続詞                          さて
       1      25  助動詞                          ん
       1      25  助動詞                          まい
       1      25  助動詞                          たく
       1      25  助動詞                          たかっ
       1      25  助動詞                          き
       1      21  助詞, 副助詞                    なんか
       1      21  助詞, 副助詞                    なぞ
       1      21  助詞, 副助詞                    とも
       1      21  助詞, 副助詞                    じゃ
       1      21  助詞, 副助詞                    かも
       1      18  助詞, 接続助詞                  のに
       1      18  助詞, 接続助詞                  ので
       1      18  助詞, 接続助詞                  ども
       1      18  助詞, 接続助詞                  つつ
       1      17  助詞, 終助詞                    ね
       1      16  助詞, 係助詞                    や
       1      15  助詞, 格助詞, 連語              を以て
       1      15  助詞, 格助詞, 連語              に対して
       1      15  助詞, 格助詞, 連語              について
       1      15  助詞, 格助詞, 連語              と共に
       1      15  助詞, 格助詞, 連語              とかいう
       1      15  助詞, 格助詞, 連語              って
       1      14  助詞, 格助詞, 引用              っと
       1      12  形容詞, 非自立                  ほしい
       1      10  形容詞, 自立                    黒い
       1      10  形容詞, 自立                    面白い
       1      10  形容詞, 自立                    長い
       1      10  形容詞, 自立                    醜い
       1      10  形容詞, 自立                    遅かっ
       1      10  形容詞, 自立                    赤く
       1      10  形容詞, 自立                    赤い
       1      10  形容詞, 自立                    蒸し暑い
       1      10  形容詞, 自立                    荒い
       1      10  形容詞, 自立                    狭い
       1      10  形容詞, 自立                    激しく
       1      10  形容詞, 自立                    深く
       1      10  形容詞, 自立                    深かっ
       1      10  形容詞, 自立                    深い
       1      10  形容詞, 自立                    永く
       1      10  形容詞, 自立                    欲しい
       1      10  形容詞, 自立                    暑く
       1      10  形容詞, 自立                    早かっ
       1      10  形容詞, 自立                    早い
       1      10  形容詞, 自立                    悲しい
       1      10  形容詞, 自立                    恐ろしく
       1      10  形容詞, 自立                    怪しく
       1      10  形容詞, 自立                    強く
       1      10  形容詞, 自立                    強い
       1      10  形容詞, 自立                    可愛い
       1      10  形容詞, 自立                    口惜しく
       1      10  形容詞, 自立                    口惜しい
       1      10  形容詞, 自立                    優しく
       1      10  形容詞, 自立                    優しい
       1      10  形容詞, 自立                    偉い
       1      10  形容詞, 自立                    低く
       1      10  形容詞, 自立                    久しく
       1      10  形容詞, 自立                    よろしい
       1      10  形容詞, 自立                    よかろ
       1      10  形容詞, 自立                    よかっ
       1      10  形容詞, 自立                    ひどく
       1      10  形容詞, 自立                    ばかばかしい
       1      10  形容詞, 自立                    ぬる
       1      10  形容詞, 自立                    つらかっ
       1      10  形容詞, 自立                    つらい
       1      10  形容詞, 自立                    たまらなく
       1      10  形容詞, 自立                    たまらない
       1      10  形容詞, 自立                    くだらない
       1      10  形容詞, 自立                    うれしい
       1      10  形容詞, 自立                    うるさく
       1       4  記号, 一般                      々
       1       2  感動詞                          南無
       1       2  感動詞                          はい
       1       2  感動詞                          どっこい
       1       2  感動詞                          さらば
       1       2  感動詞                          さあ
       1       2  感動詞                          おめでとう
       1       2  感動詞                          いいえ
       1       2  感動詞                          あ
